2020-05-22 17:03:01,539 - ResourceManager : found daoTemplet.vm with loader org.apache.velocity.runtime.resource.loader.FileResourceLoader
2020-05-22 17:03:01,544 - ResourceManager : found serviceTemplet.vm with loader org.apache.velocity.runtime.resource.loader.FileResourceLoader
2020-05-22 17:03:01,550 - ResourceManager : found serviceImplTemplet.vm with loader org.apache.velocity.runtime.resource.loader.FileResourceLoader
2020-05-22 17:03:01,557 - ResourceManager : found domainTemplet.vm with loader org.apache.velocity.runtime.resource.loader.FileResourceLoader
2020-05-22 17:03:01,565 - ResourceManager : found controllerTemplet.vm with loader org.apache.velocity.runtime.resource.loader.FileResourceLoader
2020-05-22 17:03:01,578 - ResourceManager : found pomxmlTemplate.vm with loader org.apache.velocity.runtime.resource.loader.FileResourceLoader
2020-05-22 17:03:01,581 - ResourceManager : found webxmlTemplate.vm with loader org.apache.velocity.runtime.resource.loader.FileResourceLoader
2020-05-22 17:03:01,585 - ResourceManager : found springConfigTemplate.vm with loader org.apache.velocity.runtime.resource.loader.FileResourceLoader
2020-05-22 17:03:01,588 - ResourceManager : found springConfigDaoTemplate.vm with loader org.apache.velocity.runtime.resource.loader.FileResourceLoader
2020-05-22 17:03:01,591 - ResourceManager : found springConfigDatasourceDbcpTemplate.vm with loader org.apache.velocity.runtime.resource.loader.FileResourceLoader
2020-05-22 17:03:01,594 - Null reference [template 'springConfigDatasourceDbcpTemplate.vm', line 9, column 49] : ${code-micmsg.jdbc.driver} cannot be resolved.
2020-05-22 17:03:01,594 - Null reference [template 'springConfigDatasourceDbcpTemplate.vm', line 10, column 37] : ${code-micmsg.jdbc.url} cannot be resolved.
2020-05-22 17:03:01,594 - Null reference [template 'springConfigDatasourceDbcpTemplate.vm', line 11, column 42] : ${code-micmsg.jdbc.username} cannot be resolved.
2020-05-22 17:03:01,594 - Null reference [template 'springConfigDatasourceDbcpTemplate.vm', line 12, column 42] : ${code-micmsg.jdbc.password} cannot be resolved.
2020-05-22 17:03:01,595 - ResourceManager : found springConfigManagerTemplate.vm with loader org.apache.velocity.runtime.resource.loader.FileResourceLoader
2020-05-22 17:03:01,599 - ResourceManager : found springConfigServiceTemplate.vm with loader org.apache.velocity.runtime.resource.loader.FileResourceLoader
2020-05-22 17:03:01,603 - ResourceManager : found springConfigMVCTemplate.vm with loader org.apache.velocity.runtime.resource.loader.FileResourceLoader
2020-05-22 17:03:01,622 - ResourceManager : found modelShowViewTemplate.vm with loader org.apache.velocity.runtime.resource.loader.FileResourceLoader
2020-05-22 17:03:01,623 - Left side ($i) of '==' operation has null value. If it is a reference, it may not be in the context or its toString() returned null. modelShowViewTemplate.vm[line 22, column 33]
2020-05-22 17:03:01,624 - Left side of math operation ($i) has a null value. modelShowViewTemplate.vm[line 29, column 36]
2020-05-22 17:03:01,624 - RHS of #set statement is null. Context will not be modified. modelShowViewTemplate.vm[line 29, column 25]
2020-05-22 17:03:01,625 - Left side ($i) of '==' operation has null value. If it is a reference, it may not be in the context or its toString() returned null. modelShowViewTemplate.vm[line 22, column 33]
2020-05-22 17:03:01,625 - Left side of math operation ($i) has a null value. modelShowViewTemplate.vm[line 29, column 36]
2020-05-22 17:03:01,625 - RHS of #set statement is null. Context will not be modified. modelShowViewTemplate.vm[line 29, column 25]
2020-05-22 17:03:01,625 - Left side ($i) of '==' operation has null value. If it is a reference, it may not be in the context or its toString() returned null. modelShowViewTemplate.vm[line 22, column 33]
2020-05-22 17:03:01,625 - Left side of math operation ($i) has a null value. modelShowViewTemplate.vm[line 29, column 36]
2020-05-22 17:03:01,625 - RHS of #set statement is null. Context will not be modified. modelShowViewTemplate.vm[line 29, column 25]
2020-05-22 17:03:01,625 - Left side ($i) of '==' operation has null value. If it is a reference, it may not be in the context or its toString() returned null. modelShowViewTemplate.vm[line 22, column 33]
2020-05-22 17:03:01,625 - Left side of math operation ($i) has a null value. modelShowViewTemplate.vm[line 29, column 36]
2020-05-22 17:03:01,625 - RHS of #set statement is null. Context will not be modified. modelShowViewTemplate.vm[line 29, column 25]
2020-05-22 17:03:01,625 - Left side ($i) of '==' operation has null value. If it is a reference, it may not be in the context or its toString() returned null. modelShowViewTemplate.vm[line 22, column 33]
2020-05-22 17:03:01,625 - Left side of math operation ($i) has a null value. modelShowViewTemplate.vm[line 29, column 36]
2020-05-22 17:03:01,625 - RHS of #set statement is null. Context will not be modified. modelShowViewTemplate.vm[line 29, column 25]
2020-05-22 17:03:01,628 - ResourceManager : found modelViewInsTemplate.vm with loader org.apache.velocity.runtime.resource.loader.FileResourceLoader
2020-05-22 17:03:01,633 - ResourceManager : found modelViewModTemplate.vm with loader org.apache.velocity.runtime.resource.loader.FileResourceLoader
2020-05-22 17:03:01,638 - ResourceManager : found modelShowViewJsTemplate.vm with loader org.apache.velocity.runtime.resource.loader.FileResourceLoader
2020-05-22 17:03:01,641 - ResourceManager : found modelViewInsJsTemplate.vm with loader org.apache.velocity.runtime.resource.loader.FileResourceLoader
2020-05-22 17:03:01,646 - ResourceManager : found modelViewModJsTemplate.vm with loader org.apache.velocity.runtime.resource.loader.FileResourceLoader
2020-05-22 17:03:01,651 - ResourceManager : found indexViewTemplate.vm with loader org.apache.velocity.runtime.resource.loader.FileResourceLoader
2020-05-22 17:03:01,655 - ResourceManager : found mybatisConfigTemplate.vm with loader org.apache.velocity.runtime.resource.loader.FileResourceLoader
2020-05-22 17:13:26,848 - Log4JLogChute initialized using file 'velocity.log'
2020-05-22 17:13:26,848 - Initializing Velocity, Calling init()...
2020-05-22 17:13:26,848 - Starting Apache Velocity v1.7 (compiled: 2010-11-19 12:14:37)
2020-05-22 17:13:26,848 - Default Properties File: org\apache\velocity\runtime\defaults\velocity.properties
2020-05-22 17:13:26,848 - Trying to use logger class org.apache.velocity.runtime.log.AvalonLogChute
2020-05-22 17:13:26,848 - Target log system for org.apache.velocity.runtime.log.AvalonLogChute is not available (java.lang.NoClassDefFoundError: org/apache/log/format/Formatter).  Falling back to next log system...
2020-05-22 17:13:26,848 - Trying to use logger class org.apache.velocity.runtime.log.Log4JLogChute
2020-05-22 17:13:26,848 - Using logger class org.apache.velocity.runtime.log.Log4JLogChute
2020-05-22 17:13:26,850 - ResourceLoader instantiated: org.apache.velocity.runtime.resource.loader.FileResourceLoader
2020-05-22 17:13:26,851 - Do unicode file recognition:  false
2020-05-22 17:13:26,851 - FileResourceLoader : adding path 'F:/gitmy/coding/auto_code/target/classes/templet'
2020-05-22 17:13:26,858 - ResourceCache: initialized (class org.apache.velocity.runtime.resource.ResourceCacheImpl) with class java.util.Collections$SynchronizedMap cache map.
2020-05-22 17:13:26,861 - Loaded System Directive: org.apache.velocity.runtime.directive.Stop
2020-05-22 17:13:26,862 - Loaded System Directive: org.apache.velocity.runtime.directive.Define
2020-05-22 17:13:26,862 - Loaded System Directive: org.apache.velocity.runtime.directive.Break
2020-05-22 17:13:26,862 - Loaded System Directive: org.apache.velocity.runtime.directive.Evaluate
2020-05-22 17:13:26,863 - Loaded System Directive: org.apache.velocity.runtime.directive.Literal
2020-05-22 17:13:26,863 - Loaded System Directive: org.apache.velocity.runtime.directive.Macro
2020-05-22 17:13:26,864 - Loaded System Directive: org.apache.velocity.runtime.directive.Parse
2020-05-22 17:13:26,864 - Loaded System Directive: org.apache.velocity.runtime.directive.Include
2020-05-22 17:13:26,865 - Loaded System Directive: org.apache.velocity.runtime.directive.Foreach
2020-05-22 17:13:26,882 - Created '20' parsers.
2020-05-22 17:13:26,884 - Velocimacro : "velocimacro.library" is not set.  Trying default library: VM_global_library.vm
2020-05-22 17:13:26,884 - Velocimacro : Default library not found.
2020-05-22 17:13:26,885 - Velocimacro : allowInline = true : VMs can be defined inline in templates
2020-05-22 17:13:26,885 - Velocimacro : allowInlineToOverride = false : VMs defined inline may NOT replace previous VM definitions
2020-05-22 17:13:26,885 - Velocimacro : allowInlineLocal = false : VMs defined inline will be global in scope if allowed.
2020-05-22 17:13:26,885 - Velocimacro : autoload off : VM system will not automatically reload global library macros
2020-05-22 17:13:26,909 - ResourceManager : found sqlMapperTemplet.vm with loader org.apache.velocity.runtime.resource.loader.FileResourceLoader
2020-05-22 17:13:26,916 - Left side ($!{basicColumn.columnType}) of '==' operation has null value. If it is a reference, it may not be in the context or its toString() returned null. sqlMapperTemplet.vm[line 103, column 33]
2020-05-22 17:13:26,916 - Left side ($!{basicColumn.columnType}) of '==' operation has null value. If it is a reference, it may not be in the context or its toString() returned null. sqlMapperTemplet.vm[line 107, column 37]
2020-05-22 17:13:26,916 - Left side ($!{basicColumn.columnType}) of '==' operation has null value. If it is a reference, it may not be in the context or its toString() returned null. sqlMapperTemplet.vm[line 103, column 33]
2020-05-22 17:13:26,916 - Left side ($!{basicColumn.columnType}) of '==' operation has null value. If it is a reference, it may not be in the context or its toString() returned null. sqlMapperTemplet.vm[line 107, column 37]
2020-05-22 17:13:26,916 - Left side ($!{basicColumn.columnType}) of '==' operation has null value. If it is a reference, it may not be in the context or its toString() returned null. sqlMapperTemplet.vm[line 103, column 33]
2020-05-22 17:13:26,916 - Left side ($!{basicColumn.columnType}) of '==' operation has null value. If it is a reference, it may not be in the context or its toString() returned null. sqlMapperTemplet.vm[line 107, column 37]
2020-05-22 17:13:26,916 - Left side ($!{basicColumn.columnType}) of '==' operation has null value. If it is a reference, it may not be in the context or its toString() returned null. sqlMapperTemplet.vm[line 103, column 33]
2020-05-22 17:13:26,916 - Left side ($!{basicColumn.columnType}) of '==' operation has null value. If it is a reference, it may not be in the context or its toString() returned null. sqlMapperTemplet.vm[line 107, column 37]
2020-05-22 17:13:26,917 - Left side ($!{basicColumn.columnType}) of '==' operation has null value. If it is a reference, it may not be in the context or its toString() returned null. sqlMapperTemplet.vm[line 103, column 33]
2020-05-22 17:13:26,917 - Left side ($!{basicColumn.columnType}) of '==' operation has null value. If it is a reference, it may not be in the context or its toString() returned null. sqlMapperTemplet.vm[line 107, column 37]
2020-05-22 17:13:26,917 - Left side ($!{basicColumn.columnType}) of '==' operation has null value. If it is a reference, it may not be in the context or its toString() returned null. sqlMapperTemplet.vm[line 133, column 49]
2020-05-22 17:13:26,917 - Left side ($!{basicColumn.columnType}) of '==' operation has null value. If it is a reference, it may not be in the context or its toString() returned null. sqlMapperTemplet.vm[line 137, column 53]
2020-05-22 17:13:26,917 - Left side ($!{basicColumn.columnType}) of '==' operation has null value. If it is a reference, it may not be in the context or its toString() returned null. sqlMapperTemplet.vm[line 133, column 49]
2020-05-22 17:13:26,917 - Left side ($!{basicColumn.columnType}) of '==' operation has null value. If it is a reference, it may not be in the context or its toString() returned null. sqlMapperTemplet.vm[line 137, column 53]
2020-05-22 17:13:26,917 - Left side ($!{basicColumn.columnType}) of '==' operation has null value. If it is a reference, it may not be in the context or its toString() returned null. sqlMapperTemplet.vm[line 133, column 49]
2020-05-22 17:13:26,917 - Left side ($!{basicColumn.columnType}) of '==' operation has null value. If it is a reference, it may not be in the context or its toString() returned null. sqlMapperTemplet.vm[line 137, column 53]
2020-05-22 17:13:26,917 - Left side ($!{basicColumn.columnType}) of '==' operation has null value. If it is a reference, it may not be in the context or its toString() returned null. sqlMapperTemplet.vm[line 133, column 49]
2020-05-22 17:13:26,917 - Left side ($!{basicColumn.columnType}) of '==' operation has null value. If it is a reference, it may not be in the context or its toString() returned null. sqlMapperTemplet.vm[line 137, column 53]
2020-05-22 17:13:26,917 - Left side ($!{basicColumn.columnType}) of '==' operation has null value. If it is a reference, it may not be in the context or its toString() returned null. sqlMapperTemplet.vm[line 133, column 49]
2020-05-22 17:13:26,917 - Left side ($!{basicColumn.columnType}) of '==' operation has null value. If it is a reference, it may not be in the context or its toString() returned null. sqlMapperTemplet.vm[line 137, column 53]
2020-05-22 17:13:26,920 - ResourceManager : found daoTemplet.vm with loader org.apache.velocity.runtime.resource.loader.FileResourceLoader
2020-05-22 17:13:26,923 - ResourceManager : found serviceTemplet.vm with loader org.apache.velocity.runtime.resource.loader.FileResourceLoader
2020-05-22 17:13:26,926 - ResourceManager : found serviceImplTemplet.vm with loader org.apache.velocity.runtime.resource.loader.FileResourceLoader
2020-05-22 17:13:26,929 - ResourceManager : found domainTemplet.vm with loader org.apache.velocity.runtime.resource.loader.FileResourceLoader
2020-05-22 17:13:26,932 - ResourceManager : found controllerTemplet.vm with loader org.apache.velocity.runtime.resource.loader.FileResourceLoader
2020-05-22 17:13:26,936 - ResourceManager : found pomxmlTemplate.vm with loader org.apache.velocity.runtime.resource.loader.FileResourceLoader
2020-05-22 17:13:26,938 - ResourceManager : found webxmlTemplate.vm with loader org.apache.velocity.runtime.resource.loader.FileResourceLoader
2020-05-22 17:13:26,940 - ResourceManager : found springConfigTemplate.vm with loader org.apache.velocity.runtime.resource.loader.FileResourceLoader
2020-05-22 17:13:26,942 - ResourceManager : found springConfigDaoTemplate.vm with loader org.apache.velocity.runtime.resource.loader.FileResourceLoader
2020-05-22 17:13:26,944 - ResourceManager : found springConfigDatasourceDbcpTemplate.vm with loader org.apache.velocity.runtime.resource.loader.FileResourceLoader
2020-05-22 17:13:26,945 - Null reference [template 'springConfigDatasourceDbcpTemplate.vm', line 9, column 49] : ${code-micmsg.jdbc.driver} cannot be resolved.
2020-05-22 17:13:26,945 - Null reference [template 'springConfigDatasourceDbcpTemplate.vm', line 10, column 37] : ${code-micmsg.jdbc.url} cannot be resolved.
2020-05-22 17:13:26,945 - Null reference [template 'springConfigDatasourceDbcpTemplate.vm', line 11, column 42] : ${code-micmsg.jdbc.username} cannot be resolved.
2020-05-22 17:13:26,945 - Null reference [template 'springConfigDatasourceDbcpTemplate.vm', line 12, column 42] : ${code-micmsg.jdbc.password} cannot be resolved.
2020-05-22 17:13:26,946 - ResourceManager : found springConfigManagerTemplate.vm with loader org.apache.velocity.runtime.resource.loader.FileResourceLoader
2020-05-22 17:13:26,948 - ResourceManager : found springConfigServiceTemplate.vm with loader org.apache.velocity.runtime.resource.loader.FileResourceLoader
2020-05-22 17:13:26,950 - ResourceManager : found springConfigMVCTemplate.vm with loader org.apache.velocity.runtime.resource.loader.FileResourceLoader
2020-05-22 17:13:26,954 - ResourceManager : found modelShowViewTemplate.vm with loader org.apache.velocity.runtime.resource.loader.FileResourceLoader
2020-05-22 17:13:26,955 - Left side ($i) of '==' operation has null value. If it is a reference, it may not be in the context or its toString() returned null. modelShowViewTemplate.vm[line 22, column 33]
2020-05-22 17:13:26,956 - Left side of math operation ($i) has a null value. modelShowViewTemplate.vm[line 29, column 36]
2020-05-22 17:13:26,956 - RHS of #set statement is null. Context will not be modified. modelShowViewTemplate.vm[line 29, column 25]
2020-05-22 17:13:26,956 - Left side ($i) of '==' operation has null value. If it is a reference, it may not be in the context or its toString() returned null. modelShowViewTemplate.vm[line 22, column 33]
2020-05-22 17:13:26,956 - Left side of math operation ($i) has a null value. modelShowViewTemplate.vm[line 29, column 36]
2020-05-22 17:13:26,956 - RHS of #set statement is null. Context will not be modified. modelShowViewTemplate.vm[line 29, column 25]
2020-05-22 17:13:26,956 - Left side ($i) of '==' operation has null value. If it is a reference, it may not be in the context or its toString() returned null. modelShowViewTemplate.vm[line 22, column 33]
2020-05-22 17:13:26,956 - Left side of math operation ($i) has a null value. modelShowViewTemplate.vm[line 29, column 36]
2020-05-22 17:13:26,956 - RHS of #set statement is null. Context will not be modified. modelShowViewTemplate.vm[line 29, column 25]
2020-05-22 17:13:26,956 - Left side ($i) of '==' operation has null value. If it is a reference, it may not be in the context or its toString() returned null. modelShowViewTemplate.vm[line 22, column 33]
2020-05-22 17:13:26,956 - Left side of math operation ($i) has a null value. modelShowViewTemplate.vm[line 29, column 36]
2020-05-22 17:13:26,956 - RHS of #set statement is null. Context will not be modified. modelShowViewTemplate.vm[line 29, column 25]
2020-05-22 17:13:26,957 - Left side ($i) of '==' operation has null value. If it is a reference, it may not be in the context or its toString() returned null. modelShowViewTemplate.vm[line 22, column 33]
2020-05-22 17:13:26,957 - Left side of math operation ($i) has a null value. modelShowViewTemplate.vm[line 29, column 36]
2020-05-22 17:13:26,957 - RHS of #set statement is null. Context will not be modified. modelShowViewTemplate.vm[line 29, column 25]
2020-05-22 17:13:26,959 - ResourceManager : found modelViewInsTemplate.vm with loader org.apache.velocity.runtime.resource.loader.FileResourceLoader
2020-05-22 17:13:26,962 - ResourceManager : found modelViewModTemplate.vm with loader org.apache.velocity.runtime.resource.loader.FileResourceLoader
2020-05-22 17:13:26,966 - ResourceManager : found modelShowViewJsTemplate.vm with loader org.apache.velocity.runtime.resource.loader.FileResourceLoader
2020-05-22 17:13:26,970 - ResourceManager : found modelViewInsJsTemplate.vm with loader org.apache.velocity.runtime.resource.loader.FileResourceLoader
2020-05-22 17:13:26,973 - ResourceManager : found modelViewModJsTemplate.vm with loader org.apache.velocity.runtime.resource.loader.FileResourceLoader
2020-05-22 17:13:26,976 - ResourceManager : found indexViewTemplate.vm with loader org.apache.velocity.runtime.resource.loader.FileResourceLoader
2020-05-22 17:13:26,978 - ResourceManager : found mybatisConfigTemplate.vm with loader org.apache.velocity.runtime.resource.loader.FileResourceLoader
2020-05-22 17:25:21,211 - Log4JLogChute initialized using file 'velocity.log'
2020-05-22 17:25:21,212 - Initializing Velocity, Calling init()...
2020-05-22 17:25:21,212 - Starting Apache Velocity v1.7 (compiled: 2010-11-19 12:14:37)
2020-05-22 17:25:21,213 - Default Properties File: org\apache\velocity\runtime\defaults\velocity.properties
2020-05-22 17:25:21,213 - Trying to use logger class org.apache.velocity.runtime.log.AvalonLogChute
2020-05-22 17:25:21,213 - Target log system for org.apache.velocity.runtime.log.AvalonLogChute is not available (java.lang.NoClassDefFoundError: org/apache/log/format/Formatter).  Falling back to next log system...
2020-05-22 17:25:21,213 - Trying to use logger class org.apache.velocity.runtime.log.Log4JLogChute
2020-05-22 17:25:21,213 - Using logger class org.apache.velocity.runtime.log.Log4JLogChute
2020-05-22 17:25:21,232 - ResourceLoader instantiated: org.apache.velocity.runtime.resource.loader.FileResourceLoader
2020-05-22 17:25:21,233 - Do unicode file recognition:  false
2020-05-22 17:25:21,233 - FileResourceLoader : adding path 'F:/gitmy/coding/auto_code/target/classes/templet'
2020-05-22 17:25:21,534 - ResourceCache: initialized (class org.apache.velocity.runtime.resource.ResourceCacheImpl) with class java.util.Collections$SynchronizedMap cache map.
2020-05-22 17:25:21,545 - Loaded System Directive: org.apache.velocity.runtime.directive.Stop
2020-05-22 17:25:21,547 - Loaded System Directive: org.apache.velocity.runtime.directive.Define
2020-05-22 17:25:21,548 - Loaded System Directive: org.apache.velocity.runtime.directive.Break
2020-05-22 17:25:21,549 - Loaded System Directive: org.apache.velocity.runtime.directive.Evaluate
2020-05-22 17:25:21,550 - Loaded System Directive: org.apache.velocity.runtime.directive.Literal
2020-05-22 17:25:21,552 - Loaded System Directive: org.apache.velocity.runtime.directive.Macro
2020-05-22 17:25:21,554 - Loaded System Directive: org.apache.velocity.runtime.directive.Parse
2020-05-22 17:25:21,556 - Loaded System Directive: org.apache.velocity.runtime.directive.Include
2020-05-22 17:25:21,558 - Loaded System Directive: org.apache.velocity.runtime.directive.Foreach
2020-05-22 17:25:21,593 - Created '20' parsers.
2020-05-22 17:25:21,598 - Velocimacro : "velocimacro.library" is not set.  Trying default library: VM_global_library.vm
2020-05-22 17:25:21,599 - Velocimacro : Default library not found.
2020-05-22 17:25:21,599 - Velocimacro : allowInline = true : VMs can be defined inline in templates
2020-05-22 17:25:21,599 - Velocimacro : allowInlineToOverride = false : VMs defined inline may NOT replace previous VM definitions
2020-05-22 17:25:21,599 - Velocimacro : allowInlineLocal = false : VMs defined inline will be global in scope if allowed.
2020-05-22 17:25:21,599 - Velocimacro : autoload off : VM system will not automatically reload global library macros
2020-05-22 17:25:21,618 - ResourceManager : found sqlMapperTemplet.vm with loader org.apache.velocity.runtime.resource.loader.FileResourceLoader
2020-05-22 17:25:21,627 - Left side ($!{basicColumn.columnType}) of '==' operation has null value. If it is a reference, it may not be in the context or its toString() returned null. sqlMapperTemplet.vm[line 103, column 33]
2020-05-22 17:25:21,628 - Left side ($!{basicColumn.columnType}) of '==' operation has null value. If it is a reference, it may not be in the context or its toString() returned null. sqlMapperTemplet.vm[line 107, column 37]
2020-05-22 17:25:21,628 - Left side ($!{basicColumn.columnType}) of '==' operation has null value. If it is a reference, it may not be in the context or its toString() returned null. sqlMapperTemplet.vm[line 103, column 33]
2020-05-22 17:25:21,628 - Left side ($!{basicColumn.columnType}) of '==' operation has null value. If it is a reference, it may not be in the context or its toString() returned null. sqlMapperTemplet.vm[line 107, column 37]
2020-05-22 17:25:21,628 - Left side ($!{basicColumn.columnType}) of '==' operation has null value. If it is a reference, it may not be in the context or its toString() returned null. sqlMapperTemplet.vm[line 103, column 33]
2020-05-22 17:25:21,628 - Left side ($!{basicColumn.columnType}) of '==' operation has null value. If it is a reference, it may not be in the context or its toString() returned null. sqlMapperTemplet.vm[line 107, column 37]
2020-05-22 17:25:21,628 - Left side ($!{basicColumn.columnType}) of '==' operation has null value. If it is a reference, it may not be in the context or its toString() returned null. sqlMapperTemplet.vm[line 103, column 33]
2020-05-22 17:25:21,628 - Left side ($!{basicColumn.columnType}) of '==' operation has null value. If it is a reference, it may not be in the context or its toString() returned null. sqlMapperTemplet.vm[line 107, column 37]
2020-05-22 17:25:21,628 - Left side ($!{basicColumn.columnType}) of '==' operation has null value. If it is a reference, it may not be in the context or its toString() returned null. sqlMapperTemplet.vm[line 103, column 33]
2020-05-22 17:25:21,628 - Left side ($!{basicColumn.columnType}) of '==' operation has null value. If it is a reference, it may not be in the context or its toString() returned null. sqlMapperTemplet.vm[line 107, column 37]
2020-05-22 17:25:21,628 - Left side ($!{basicColumn.columnType}) of '==' operation has null value. If it is a reference, it may not be in the context or its toString() returned null. sqlMapperTemplet.vm[line 133, column 49]
2020-05-22 17:25:21,628 - Left side ($!{basicColumn.columnType}) of '==' operation has null value. If it is a reference, it may not be in the context or its toString() returned null. sqlMapperTemplet.vm[line 137, column 53]
2020-05-22 17:25:21,628 - Left side ($!{basicColumn.columnType}) of '==' operation has null value. If it is a reference, it may not be in the context or its toString() returned null. sqlMapperTemplet.vm[line 133, column 49]
2020-05-22 17:25:21,629 - Left side ($!{basicColumn.columnType}) of '==' operation has null value. If it is a reference, it may not be in the context or its toString() returned null. sqlMapperTemplet.vm[line 137, column 53]
2020-05-22 17:25:21,629 - Left side ($!{basicColumn.columnType}) of '==' operation has null value. If it is a reference, it may not be in the context or its toString() returned null. sqlMapperTemplet.vm[line 133, column 49]
2020-05-22 17:25:21,629 - Left side ($!{basicColumn.columnType}) of '==' operation has null value. If it is a reference, it may not be in the context or its toString() returned null. sqlMapperTemplet.vm[line 137, column 53]
2020-05-22 17:25:21,629 - Left side ($!{basicColumn.columnType}) of '==' operation has null value. If it is a reference, it may not be in the context or its toString() returned null. sqlMapperTemplet.vm[line 133, column 49]
2020-05-22 17:25:21,629 - Left side ($!{basicColumn.columnType}) of '==' operation has null value. If it is a reference, it may not be in the context or its toString() returned null. sqlMapperTemplet.vm[line 137, column 53]
2020-05-22 17:25:21,629 - Left side ($!{basicColumn.columnType}) of '==' operation has null value. If it is a reference, it may not be in the context or its toString() returned null. sqlMapperTemplet.vm[line 133, column 49]
2020-05-22 17:25:21,629 - Left side ($!{basicColumn.columnType}) of '==' operation has null value. If it is a reference, it may not be in the context or its toString() returned null. sqlMapperTemplet.vm[line 137, column 53]
2020-05-22 17:25:21,633 - ResourceManager : found daoTemplet.vm with loader org.apache.velocity.runtime.resource.loader.FileResourceLoader
2020-05-22 17:25:21,636 - ResourceManager : found serviceTemplet.vm with loader org.apache.velocity.runtime.resource.loader.FileResourceLoader
2020-05-22 17:25:21,639 - ResourceManager : found serviceImplTemplet.vm with loader org.apache.velocity.runtime.resource.loader.FileResourceLoader
2020-05-22 17:25:21,643 - ResourceManager : found domainTemplet.vm with loader org.apache.velocity.runtime.resource.loader.FileResourceLoader
2020-05-22 17:25:21,647 - ResourceManager : found controllerTemplet.vm with loader org.apache.velocity.runtime.resource.loader.FileResourceLoader
2020-05-22 17:25:21,650 - ResourceManager : found pomxmlTemplate.vm with loader org.apache.velocity.runtime.resource.loader.FileResourceLoader
2020-05-22 17:25:21,652 - ResourceManager : found webxmlTemplate.vm with loader org.apache.velocity.runtime.resource.loader.FileResourceLoader
2020-05-22 17:25:21,654 - ResourceManager : found springConfigTemplate.vm with loader org.apache.velocity.runtime.resource.loader.FileResourceLoader
2020-05-22 17:25:21,656 - ResourceManager : found springConfigDaoTemplate.vm with loader org.apache.velocity.runtime.resource.loader.FileResourceLoader
2020-05-22 17:25:21,658 - ResourceManager : found springConfigDatasourceDbcpTemplate.vm with loader org.apache.velocity.runtime.resource.loader.FileResourceLoader
2020-05-22 17:25:21,660 - Null reference [template 'springConfigDatasourceDbcpTemplate.vm', line 9, column 49] : ${code-micmsg.jdbc.driver} cannot be resolved.
2020-05-22 17:25:21,660 - Null reference [template 'springConfigDatasourceDbcpTemplate.vm', line 10, column 37] : ${code-micmsg.jdbc.url} cannot be resolved.
2020-05-22 17:25:21,660 - Null reference [template 'springConfigDatasourceDbcpTemplate.vm', line 11, column 42] : ${code-micmsg.jdbc.username} cannot be resolved.
2020-05-22 17:25:21,660 - Null reference [template 'springConfigDatasourceDbcpTemplate.vm', line 12, column 42] : ${code-micmsg.jdbc.password} cannot be resolved.
2020-05-22 17:25:21,661 - ResourceManager : found springConfigManagerTemplate.vm with loader org.apache.velocity.runtime.resource.loader.FileResourceLoader
2020-05-22 17:25:21,663 - ResourceManager : found springConfigServiceTemplate.vm with loader org.apache.velocity.runtime.resource.loader.FileResourceLoader
2020-05-22 17:25:21,665 - ResourceManager : found springConfigMVCTemplate.vm with loader org.apache.velocity.runtime.resource.loader.FileResourceLoader
2020-05-22 17:25:21,670 - ResourceManager : found modelShowViewTemplate.vm with loader org.apache.velocity.runtime.resource.loader.FileResourceLoader
2020-05-22 17:25:21,671 - Left side ($i) of '==' operation has null value. If it is a reference, it may not be in the context or its toString() returned null. modelShowViewTemplate.vm[line 22, column 33]
2020-05-22 17:25:21,671 - Left side of math operation ($i) has a null value. modelShowViewTemplate.vm[line 29, column 36]
2020-05-22 17:25:21,671 - RHS of #set statement is null. Context will not be modified. modelShowViewTemplate.vm[line 29, column 25]
2020-05-22 17:25:21,672 - Left side ($i) of '==' operation has null value. If it is a reference, it may not be in the context or its toString() returned null. modelShowViewTemplate.vm[line 22, column 33]
2020-05-22 17:25:21,672 - Left side of math operation ($i) has a null value. modelShowViewTemplate.vm[line 29, column 36]
2020-05-22 17:25:21,672 - RHS of #set statement is null. Context will not be modified. modelShowViewTemplate.vm[line 29, column 25]
2020-05-22 17:25:21,672 - Left side ($i) of '==' operation has null value. If it is a reference, it may not be in the context or its toString() returned null. modelShowViewTemplate.vm[line 22, column 33]
2020-05-22 17:25:21,672 - Left side of math operation ($i) has a null value. modelShowViewTemplate.vm[line 29, column 36]
2020-05-22 17:25:21,672 - RHS of #set statement is null. Context will not be modified. modelShowViewTemplate.vm[line 29, column 25]
2020-05-22 17:25:21,672 - Left side ($i) of '==' operation has null value. If it is a reference, it may not be in the context or its toString() returned null. modelShowViewTemplate.vm[line 22, column 33]
2020-05-22 17:25:21,672 - Left side of math operation ($i) has a null value. modelShowViewTemplate.vm[line 29, column 36]
2020-05-22 17:25:21,673 - RHS of #set statement is null. Context will not be modified. modelShowViewTemplate.vm[line 29, column 25]
2020-05-22 17:25:21,673 - Left side ($i) of '==' operation has null value. If it is a reference, it may not be in the context or its toString() returned null. modelShowViewTemplate.vm[line 22, column 33]
2020-05-22 17:25:21,673 - Left side of math operation ($i) has a null value. modelShowViewTemplate.vm[line 29, column 36]
2020-05-22 17:25:21,673 - RHS of #set statement is null. Context will not be modified. modelShowViewTemplate.vm[line 29, column 25]
2020-05-22 17:25:21,674 - ResourceManager : found modelViewInsTemplate.vm with loader org.apache.velocity.runtime.resource.loader.FileResourceLoader
2020-05-22 17:25:21,677 - ResourceManager : found modelViewModTemplate.vm with loader org.apache.velocity.runtime.resource.loader.FileResourceLoader
2020-05-22 17:25:21,680 - ResourceManager : found modelShowViewJsTemplate.vm with loader org.apache.velocity.runtime.resource.loader.FileResourceLoader
2020-05-22 17:25:21,683 - ResourceManager : found modelViewInsJsTemplate.vm with loader org.apache.velocity.runtime.resource.loader.FileResourceLoader
2020-05-22 17:25:21,686 - ResourceManager : found modelViewModJsTemplate.vm with loader org.apache.velocity.runtime.resource.loader.FileResourceLoader
2020-05-22 17:25:21,689 - ResourceManager : found indexViewTemplate.vm with loader org.apache.velocity.runtime.resource.loader.FileResourceLoader
2020-05-22 17:25:21,691 - ResourceManager : found mybatisConfigTemplate.vm with loader org.apache.velocity.runtime.resource.loader.FileResourceLoader
2020-05-22 17:31:01,843 - Log4JLogChute initialized using file 'velocity.log'
2020-05-22 17:31:01,843 - Initializing Velocity, Calling init()...
2020-05-22 17:31:01,843 - Starting Apache Velocity v1.7 (compiled: 2010-11-19 12:14:37)
2020-05-22 17:31:01,843 - Default Properties File: org\apache\velocity\runtime\defaults\velocity.properties
2020-05-22 17:31:01,843 - Trying to use logger class org.apache.velocity.runtime.log.AvalonLogChute
2020-05-22 17:31:01,843 - Target log system for org.apache.velocity.runtime.log.AvalonLogChute is not available (java.lang.NoClassDefFoundError: org/apache/log/format/Formatter).  Falling back to next log system...
2020-05-22 17:31:01,843 - Trying to use logger class org.apache.velocity.runtime.log.Log4JLogChute
2020-05-22 17:31:01,843 - Using logger class org.apache.velocity.runtime.log.Log4JLogChute
2020-05-22 17:31:01,846 - ResourceLoader instantiated: org.apache.velocity.runtime.resource.loader.FileResourceLoader
2020-05-22 17:31:01,846 - Do unicode file recognition:  false
2020-05-22 17:31:01,846 - FileResourceLoader : adding path 'F:/gitmy/coding/auto_code/target/classes/templet'
2020-05-22 17:31:01,853 - ResourceCache: initialized (class org.apache.velocity.runtime.resource.ResourceCacheImpl) with class java.util.Collections$SynchronizedMap cache map.
2020-05-22 17:31:01,856 - Loaded System Directive: org.apache.velocity.runtime.directive.Stop
2020-05-22 17:31:01,857 - Loaded System Directive: org.apache.velocity.runtime.directive.Define
2020-05-22 17:31:01,857 - Loaded System Directive: org.apache.velocity.runtime.directive.Break
2020-05-22 17:31:01,858 - Loaded System Directive: org.apache.velocity.runtime.directive.Evaluate
2020-05-22 17:31:01,858 - Loaded System Directive: org.apache.velocity.runtime.directive.Literal
2020-05-22 17:31:01,859 - Loaded System Directive: org.apache.velocity.runtime.directive.Macro
2020-05-22 17:31:01,859 - Loaded System Directive: org.apache.velocity.runtime.directive.Parse
2020-05-22 17:31:01,860 - Loaded System Directive: org.apache.velocity.runtime.directive.Include
2020-05-22 17:31:01,860 - Loaded System Directive: org.apache.velocity.runtime.directive.Foreach
2020-05-22 17:31:01,877 - Created '20' parsers.
2020-05-22 17:31:01,879 - Velocimacro : "velocimacro.library" is not set.  Trying default library: VM_global_library.vm
2020-05-22 17:31:01,879 - Velocimacro : Default library not found.
2020-05-22 17:31:01,879 - Velocimacro : allowInline = true : VMs can be defined inline in templates
2020-05-22 17:31:01,879 - Velocimacro : allowInlineToOverride = false : VMs defined inline may NOT replace previous VM definitions
2020-05-22 17:31:01,880 - Velocimacro : allowInlineLocal = false : VMs defined inline will be global in scope if allowed.
2020-05-22 17:31:01,880 - Velocimacro : autoload off : VM system will not automatically reload global library macros
2020-05-22 17:31:01,895 - ResourceManager : found sqlMapperTemplet.vm with loader org.apache.velocity.runtime.resource.loader.FileResourceLoader
2020-05-22 17:31:01,902 - Left side ($!{basicColumn.columnType}) of '==' operation has null value. If it is a reference, it may not be in the context or its toString() returned null. sqlMapperTemplet.vm[line 103, column 33]
2020-05-22 17:31:01,902 - Left side ($!{basicColumn.columnType}) of '==' operation has null value. If it is a reference, it may not be in the context or its toString() returned null. sqlMapperTemplet.vm[line 107, column 37]
2020-05-22 17:31:01,902 - Left side ($!{basicColumn.columnType}) of '==' operation has null value. If it is a reference, it may not be in the context or its toString() returned null. sqlMapperTemplet.vm[line 103, column 33]
2020-05-22 17:31:01,902 - Left side ($!{basicColumn.columnType}) of '==' operation has null value. If it is a reference, it may not be in the context or its toString() returned null. sqlMapperTemplet.vm[line 107, column 37]
2020-05-22 17:31:01,902 - Left side ($!{basicColumn.columnType}) of '==' operation has null value. If it is a reference, it may not be in the context or its toString() returned null. sqlMapperTemplet.vm[line 103, column 33]
2020-05-22 17:31:01,902 - Left side ($!{basicColumn.columnType}) of '==' operation has null value. If it is a reference, it may not be in the context or its toString() returned null. sqlMapperTemplet.vm[line 107, column 37]
2020-05-22 17:31:01,902 - Left side ($!{basicColumn.columnType}) of '==' operation has null value. If it is a reference, it may not be in the context or its toString() returned null. sqlMapperTemplet.vm[line 103, column 33]
2020-05-22 17:31:01,903 - Left side ($!{basicColumn.columnType}) of '==' operation has null value. If it is a reference, it may not be in the context or its toString() returned null. sqlMapperTemplet.vm[line 107, column 37]
2020-05-22 17:31:01,903 - Left side ($!{basicColumn.columnType}) of '==' operation has null value. If it is a reference, it may not be in the context or its toString() returned null. sqlMapperTemplet.vm[line 103, column 33]
2020-05-22 17:31:01,903 - Left side ($!{basicColumn.columnType}) of '==' operation has null value. If it is a reference, it may not be in the context or its toString() returned null. sqlMapperTemplet.vm[line 107, column 37]
2020-05-22 17:31:01,903 - Left side ($!{basicColumn.columnType}) of '==' operation has null value. If it is a reference, it may not be in the context or its toString() returned null. sqlMapperTemplet.vm[line 133, column 49]
2020-05-22 17:31:01,903 - Left side ($!{basicColumn.columnType}) of '==' operation has null value. If it is a reference, it may not be in the context or its toString() returned null. sqlMapperTemplet.vm[line 137, column 53]
2020-05-22 17:31:01,903 - Left side ($!{basicColumn.columnType}) of '==' operation has null value. If it is a reference, it may not be in the context or its toString() returned null. sqlMapperTemplet.vm[line 133, column 49]
2020-05-22 17:31:01,903 - Left side ($!{basicColumn.columnType}) of '==' operation has null value. If it is a reference, it may not be in the context or its toString() returned null. sqlMapperTemplet.vm[line 137, column 53]
2020-05-22 17:31:01,903 - Left side ($!{basicColumn.columnType}) of '==' operation has null value. If it is a reference, it may not be in the context or its toString() returned null. sqlMapperTemplet.vm[line 133, column 49]
2020-05-22 17:31:01,903 - Left side ($!{basicColumn.columnType}) of '==' operation has null value. If it is a reference, it may not be in the context or its toString() returned null. sqlMapperTemplet.vm[line 137, column 53]
2020-05-22 17:31:01,903 - Left side ($!{basicColumn.columnType}) of '==' operation has null value. If it is a reference, it may not be in the context or its toString() returned null. sqlMapperTemplet.vm[line 133, column 49]
2020-05-22 17:31:01,903 - Left side ($!{basicColumn.columnType}) of '==' operation has null value. If it is a reference, it may not be in the context or its toString() returned null. sqlMapperTemplet.vm[line 137, column 53]
2020-05-22 17:31:01,903 - Left side ($!{basicColumn.columnType}) of '==' operation has null value. If it is a reference, it may not be in the context or its toString() returned null. sqlMapperTemplet.vm[line 133, column 49]
2020-05-22 17:31:01,903 - Left side ($!{basicColumn.columnType}) of '==' operation has null value. If it is a reference, it may not be in the context or its toString() returned null. sqlMapperTemplet.vm[line 137, column 53]
2020-05-22 17:31:01,906 - ResourceManager : found daoTemplet.vm with loader org.apache.velocity.runtime.resource.loader.FileResourceLoader
2020-05-22 17:31:01,910 - ResourceManager : found serviceTemplet.vm with loader org.apache.velocity.runtime.resource.loader.FileResourceLoader
2020-05-22 17:31:01,914 - ResourceManager : found serviceImplTemplet.vm with loader org.apache.velocity.runtime.resource.loader.FileResourceLoader
2020-05-22 17:31:01,917 - ResourceManager : found domainTemplet.vm with loader org.apache.velocity.runtime.resource.loader.FileResourceLoader
2020-05-22 17:31:01,921 - ResourceManager : found controllerTemplet.vm with loader org.apache.velocity.runtime.resource.loader.FileResourceLoader
2020-05-22 17:31:01,924 - ResourceManager : found pomxmlTemplate.vm with loader org.apache.velocity.runtime.resource.loader.FileResourceLoader
2020-05-22 17:31:01,927 - ResourceManager : found webxmlTemplate.vm with loader org.apache.velocity.runtime.resource.loader.FileResourceLoader
2020-05-22 17:31:01,929 - ResourceManager : found springConfigTemplate.vm with loader org.apache.velocity.runtime.resource.loader.FileResourceLoader
2020-05-22 17:31:01,931 - ResourceManager : found springConfigDaoTemplate.vm with loader org.apache.velocity.runtime.resource.loader.FileResourceLoader
2020-05-22 17:31:01,933 - ResourceManager : found springConfigDatasourceDbcpTemplate.vm with loader org.apache.velocity.runtime.resource.loader.FileResourceLoader
2020-05-22 17:31:01,934 - Null reference [template 'springConfigDatasourceDbcpTemplate.vm', line 9, column 49] : ${code-micmsg.jdbc.driver} cannot be resolved.
2020-05-22 17:31:01,934 - Null reference [template 'springConfigDatasourceDbcpTemplate.vm', line 10, column 37] : ${code-micmsg.jdbc.url} cannot be resolved.
2020-05-22 17:31:01,934 - Null reference [template 'springConfigDatasourceDbcpTemplate.vm', line 11, column 42] : ${code-micmsg.jdbc.username} cannot be resolved.
2020-05-22 17:31:01,934 - Null reference [template 'springConfigDatasourceDbcpTemplate.vm', line 12, column 42] : ${code-micmsg.jdbc.password} cannot be resolved.
2020-05-22 17:31:01,935 - ResourceManager : found springConfigManagerTemplate.vm with loader org.apache.velocity.runtime.resource.loader.FileResourceLoader
2020-05-22 17:31:01,937 - ResourceManager : found springConfigServiceTemplate.vm with loader org.apache.velocity.runtime.resource.loader.FileResourceLoader
2020-05-22 17:31:01,939 - ResourceManager : found springConfigMVCTemplate.vm with loader org.apache.velocity.runtime.resource.loader.FileResourceLoader
2020-05-22 17:31:01,944 - ResourceManager : found modelShowViewTemplate.vm with loader org.apache.velocity.runtime.resource.loader.FileResourceLoader
2020-05-22 17:31:01,945 - Left side ($i) of '==' operation has null value. If it is a reference, it may not be in the context or its toString() returned null. modelShowViewTemplate.vm[line 22, column 33]
2020-05-22 17:31:01,945 - Left side of math operation ($i) has a null value. modelShowViewTemplate.vm[line 29, column 36]
2020-05-22 17:31:01,946 - RHS of #set statement is null. Context will not be modified. modelShowViewTemplate.vm[line 29, column 25]
2020-05-22 17:31:01,946 - Left side ($i) of '==' operation has null value. If it is a reference, it may not be in the context or its toString() returned null. modelShowViewTemplate.vm[line 22, column 33]
2020-05-22 17:31:01,947 - Left side of math operation ($i) has a null value. modelShowViewTemplate.vm[line 29, column 36]
2020-05-22 17:31:01,947 - RHS of #set statement is null. Context will not be modified. modelShowViewTemplate.vm[line 29, column 25]
2020-05-22 17:31:01,947 - Left side ($i) of '==' operation has null value. If it is a reference, it may not be in the context or its toString() returned null. modelShowViewTemplate.vm[line 22, column 33]
2020-05-22 17:31:01,947 - Left side of math operation ($i) has a null value. modelShowViewTemplate.vm[line 29, column 36]
2020-05-22 17:31:01,947 - RHS of #set statement is null. Context will not be modified. modelShowViewTemplate.vm[line 29, column 25]
2020-05-22 17:31:01,947 - Left side ($i) of '==' operation has null value. If it is a reference, it may not be in the context or its toString() returned null. modelShowViewTemplate.vm[line 22, column 33]
2020-05-22 17:31:01,947 - Left side of math operation ($i) has a null value. modelShowViewTemplate.vm[line 29, column 36]
2020-05-22 17:31:01,947 - RHS of #set statement is null. Context will not be modified. modelShowViewTemplate.vm[line 29, column 25]
2020-05-22 17:31:01,947 - Left side ($i) of '==' operation has null value. If it is a reference, it may not be in the context or its toString() returned null. modelShowViewTemplate.vm[line 22, column 33]
2020-05-22 17:31:01,947 - Left side of math operation ($i) has a null value. modelShowViewTemplate.vm[line 29, column 36]
2020-05-22 17:31:01,947 - RHS of #set statement is null. Context will not be modified. modelShowViewTemplate.vm[line 29, column 25]
2020-05-22 17:31:01,949 - ResourceManager : found modelViewInsTemplate.vm with loader org.apache.velocity.runtime.resource.loader.FileResourceLoader
2020-05-22 17:31:01,952 - ResourceManager : found modelViewModTemplate.vm with loader org.apache.velocity.runtime.resource.loader.FileResourceLoader
2020-05-22 17:31:01,954 - ResourceManager : found modelShowViewJsTemplate.vm with loader org.apache.velocity.runtime.resource.loader.FileResourceLoader
2020-05-22 17:31:01,957 - ResourceManager : found modelViewInsJsTemplate.vm with loader org.apache.velocity.runtime.resource.loader.FileResourceLoader
2020-05-22 17:31:01,960 - ResourceManager : found modelViewModJsTemplate.vm with loader org.apache.velocity.runtime.resource.loader.FileResourceLoader
2020-05-22 17:31:01,963 - ResourceManager : found mybatisConfigTemplate.vm with loader org.apache.velocity.runtime.resource.loader.FileResourceLoader
2020-05-22 17:38:31,209 - Log4JLogChute initialized using file 'velocity.log'
2020-05-22 17:38:31,210 - Initializing Velocity, Calling init()...
2020-05-22 17:38:31,210 - Starting Apache Velocity v1.7 (compiled: 2010-11-19 12:14:37)
2020-05-22 17:38:31,210 - Default Properties File: org\apache\velocity\runtime\defaults\velocity.properties
2020-05-22 17:38:31,210 - Trying to use logger class org.apache.velocity.runtime.log.AvalonLogChute
2020-05-22 17:38:31,210 - Target log system for org.apache.velocity.runtime.log.AvalonLogChute is not available (java.lang.NoClassDefFoundError: org/apache/log/format/Formatter).  Falling back to next log system...
2020-05-22 17:38:31,210 - Trying to use logger class org.apache.velocity.runtime.log.Log4JLogChute
2020-05-22 17:38:31,210 - Using logger class org.apache.velocity.runtime.log.Log4JLogChute
2020-05-22 17:38:31,214 - ResourceLoader instantiated: org.apache.velocity.runtime.resource.loader.FileResourceLoader
2020-05-22 17:38:31,214 - Do unicode file recognition:  false
2020-05-22 17:38:31,214 - FileResourceLoader : adding path 'F:/gitmy/coding/auto_code/target/classes/templet'
2020-05-22 17:38:31,223 - ResourceCache: initialized (class org.apache.velocity.runtime.resource.ResourceCacheImpl) with class java.util.Collections$SynchronizedMap cache map.
2020-05-22 17:38:31,227 - Loaded System Directive: org.apache.velocity.runtime.directive.Stop
2020-05-22 17:38:31,228 - Loaded System Directive: org.apache.velocity.runtime.directive.Define
2020-05-22 17:38:31,229 - Loaded System Directive: org.apache.velocity.runtime.directive.Break
2020-05-22 17:38:31,229 - Loaded System Directive: org.apache.velocity.runtime.directive.Evaluate
2020-05-22 17:38:31,230 - Loaded System Directive: org.apache.velocity.runtime.directive.Literal
2020-05-22 17:38:31,231 - Loaded System Directive: org.apache.velocity.runtime.directive.Macro
2020-05-22 17:38:31,231 - Loaded System Directive: org.apache.velocity.runtime.directive.Parse
2020-05-22 17:38:31,232 - Loaded System Directive: org.apache.velocity.runtime.directive.Include
2020-05-22 17:38:31,233 - Loaded System Directive: org.apache.velocity.runtime.directive.Foreach
2020-05-22 17:38:31,292 - Created '20' parsers.
2020-05-22 17:38:31,296 - Velocimacro : "velocimacro.library" is not set.  Trying default library: VM_global_library.vm
2020-05-22 17:38:31,296 - Velocimacro : Default library not found.
2020-05-22 17:38:31,296 - Velocimacro : allowInline = true : VMs can be defined inline in templates
2020-05-22 17:38:31,296 - Velocimacro : allowInlineToOverride = false : VMs defined inline may NOT replace previous VM definitions
2020-05-22 17:38:31,297 - Velocimacro : allowInlineLocal = false : VMs defined inline will be global in scope if allowed.
2020-05-22 17:38:31,297 - Velocimacro : autoload off : VM system will not automatically reload global library macros
2020-05-22 17:38:31,337 - ResourceManager : found sqlMapperTemplet.vm with loader org.apache.velocity.runtime.resource.loader.FileResourceLoader
2020-05-22 17:38:31,348 - Left side ($!{basicColumn.columnType}) of '==' operation has null value. If it is a reference, it may not be in the context or its toString() returned null. sqlMapperTemplet.vm[line 103, column 33]
2020-05-22 17:38:31,348 - Left side ($!{basicColumn.columnType}) of '==' operation has null value. If it is a reference, it may not be in the context or its toString() returned null. sqlMapperTemplet.vm[line 107, column 37]
2020-05-22 17:38:31,349 - Left side ($!{basicColumn.columnType}) of '==' operation has null value. If it is a reference, it may not be in the context or its toString() returned null. sqlMapperTemplet.vm[line 103, column 33]
2020-05-22 17:38:31,349 - Left side ($!{basicColumn.columnType}) of '==' operation has null value. If it is a reference, it may not be in the context or its toString() returned null. sqlMapperTemplet.vm[line 107, column 37]
2020-05-22 17:38:31,349 - Left side ($!{basicColumn.columnType}) of '==' operation has null value. If it is a reference, it may not be in the context or its toString() returned null. sqlMapperTemplet.vm[line 103, column 33]
2020-05-22 17:38:31,349 - Left side ($!{basicColumn.columnType}) of '==' operation has null value. If it is a reference, it may not be in the context or its toString() returned null. sqlMapperTemplet.vm[line 107, column 37]
2020-05-22 17:38:31,349 - Left side ($!{basicColumn.columnType}) of '==' operation has null value. If it is a reference, it may not be in the context or its toString() returned null. sqlMapperTemplet.vm[line 103, column 33]
2020-05-22 17:38:31,349 - Left side ($!{basicColumn.columnType}) of '==' operation has null value. If it is a reference, it may not be in the context or its toString() returned null. sqlMapperTemplet.vm[line 107, column 37]
2020-05-22 17:38:31,349 - Left side ($!{basicColumn.columnType}) of '==' operation has null value. If it is a reference, it may not be in the context or its toString() returned null. sqlMapperTemplet.vm[line 103, column 33]
2020-05-22 17:38:31,349 - Left side ($!{basicColumn.columnType}) of '==' operation has null value. If it is a reference, it may not be in the context or its toString() returned null. sqlMapperTemplet.vm[line 107, column 37]
2020-05-22 17:38:31,349 - Left side ($!{basicColumn.columnType}) of '==' operation has null value. If it is a reference, it may not be in the context or its toString() returned null. sqlMapperTemplet.vm[line 133, column 49]
2020-05-22 17:38:31,349 - Left side ($!{basicColumn.columnType}) of '==' operation has null value. If it is a reference, it may not be in the context or its toString() returned null. sqlMapperTemplet.vm[line 137, column 53]
2020-05-22 17:38:31,349 - Left side ($!{basicColumn.columnType}) of '==' operation has null value. If it is a reference, it may not be in the context or its toString() returned null. sqlMapperTemplet.vm[line 133, column 49]
2020-05-22 17:38:31,350 - Left side ($!{basicColumn.columnType}) of '==' operation has null value. If it is a reference, it may not be in the context or its toString() returned null. sqlMapperTemplet.vm[line 137, column 53]
2020-05-22 17:38:31,350 - Left side ($!{basicColumn.columnType}) of '==' operation has null value. If it is a reference, it may not be in the context or its toString() returned null. sqlMapperTemplet.vm[line 133, column 49]
2020-05-22 17:38:31,350 - Left side ($!{basicColumn.columnType}) of '==' operation has null value. If it is a reference, it may not be in the context or its toString() returned null. sqlMapperTemplet.vm[line 137, column 53]
2020-05-22 17:38:31,350 - Left side ($!{basicColumn.columnType}) of '==' operation has null value. If it is a reference, it may not be in the context or its toString() returned null. sqlMapperTemplet.vm[line 133, column 49]
2020-05-22 17:38:31,350 - Left side ($!{basicColumn.columnType}) of '==' operation has null value. If it is a reference, it may not be in the context or its toString() returned null. sqlMapperTemplet.vm[line 137, column 53]
2020-05-22 17:38:31,350 - Left side ($!{basicColumn.columnType}) of '==' operation has null value. If it is a reference, it may not be in the context or its toString() returned null. sqlMapperTemplet.vm[line 133, column 49]
2020-05-22 17:38:31,350 - Left side ($!{basicColumn.columnType}) of '==' operation has null value. If it is a reference, it may not be in the context or its toString() returned null. sqlMapperTemplet.vm[line 137, column 53]
2020-05-22 17:38:31,356 - ResourceManager : found daoTemplet.vm with loader org.apache.velocity.runtime.resource.loader.FileResourceLoader
2020-05-22 17:38:31,359 - ResourceManager : found serviceTemplet.vm with loader org.apache.velocity.runtime.resource.loader.FileResourceLoader
2020-05-22 17:38:31,362 - ResourceManager : found serviceImplTemplet.vm with loader org.apache.velocity.runtime.resource.loader.FileResourceLoader
2020-05-22 17:38:31,413 - ResourceManager : found domainTemplet.vm with loader org.apache.velocity.runtime.resource.loader.FileResourceLoader
2020-05-22 17:38:31,467 - ResourceManager : found controllerTemplet.vm with loader org.apache.velocity.runtime.resource.loader.FileResourceLoader
2020-05-22 17:38:31,480 - ResourceManager : found pomxmlTemplate.vm with loader org.apache.velocity.runtime.resource.loader.FileResourceLoader
2020-05-22 17:38:31,482 - ResourceManager : found webxmlTemplate.vm with loader org.apache.velocity.runtime.resource.loader.FileResourceLoader
2020-05-22 17:38:31,484 - ResourceManager : found springConfigTemplate.vm with loader org.apache.velocity.runtime.resource.loader.FileResourceLoader
2020-05-22 17:38:31,487 - ResourceManager : found springConfigDaoTemplate.vm with loader org.apache.velocity.runtime.resource.loader.FileResourceLoader
2020-05-22 17:38:31,489 - ResourceManager : found springConfigDatasourceDbcpTemplate.vm with loader org.apache.velocity.runtime.resource.loader.FileResourceLoader
2020-05-22 17:38:31,490 - Null reference [template 'springConfigDatasourceDbcpTemplate.vm', line 9, column 49] : ${code-micmsg.jdbc.driver} cannot be resolved.
2020-05-22 17:38:31,490 - Null reference [template 'springConfigDatasourceDbcpTemplate.vm', line 10, column 37] : ${code-micmsg.jdbc.url} cannot be resolved.
2020-05-22 17:38:31,490 - Null reference [template 'springConfigDatasourceDbcpTemplate.vm', line 11, column 42] : ${code-micmsg.jdbc.username} cannot be resolved.
2020-05-22 17:38:31,490 - Null reference [template 'springConfigDatasourceDbcpTemplate.vm', line 12, column 42] : ${code-micmsg.jdbc.password} cannot be resolved.
2020-05-22 17:38:31,491 - ResourceManager : found springConfigManagerTemplate.vm with loader org.apache.velocity.runtime.resource.loader.FileResourceLoader
2020-05-22 17:38:31,494 - ResourceManager : found springConfigServiceTemplate.vm with loader org.apache.velocity.runtime.resource.loader.FileResourceLoader
2020-05-22 17:38:31,496 - ResourceManager : found springConfigMVCTemplate.vm with loader org.apache.velocity.runtime.resource.loader.FileResourceLoader
2020-05-22 17:38:31,501 - ResourceManager : found modelShowViewTemplate.vm with loader org.apache.velocity.runtime.resource.loader.FileResourceLoader
2020-05-22 17:38:31,502 - Left side ($i) of '==' operation has null value. If it is a reference, it may not be in the context or its toString() returned null. modelShowViewTemplate.vm[line 22, column 33]
2020-05-22 17:38:31,502 - Left side of math operation ($i) has a null value. modelShowViewTemplate.vm[line 29, column 36]
2020-05-22 17:38:31,503 - RHS of #set statement is null. Context will not be modified. modelShowViewTemplate.vm[line 29, column 25]
2020-05-22 17:38:31,504 - Left side ($i) of '==' operation has null value. If it is a reference, it may not be in the context or its toString() returned null. modelShowViewTemplate.vm[line 22, column 33]
2020-05-22 17:38:31,504 - Left side of math operation ($i) has a null value. modelShowViewTemplate.vm[line 29, column 36]
2020-05-22 17:38:31,504 - RHS of #set statement is null. Context will not be modified. modelShowViewTemplate.vm[line 29, column 25]
2020-05-22 17:38:31,504 - Left side ($i) of '==' operation has null value. If it is a reference, it may not be in the context or its toString() returned null. modelShowViewTemplate.vm[line 22, column 33]
2020-05-22 17:38:31,504 - Left side of math operation ($i) has a null value. modelShowViewTemplate.vm[line 29, column 36]
2020-05-22 17:38:31,504 - RHS of #set statement is null. Context will not be modified. modelShowViewTemplate.vm[line 29, column 25]
2020-05-22 17:38:31,504 - Left side ($i) of '==' operation has null value. If it is a reference, it may not be in the context or its toString() returned null. modelShowViewTemplate.vm[line 22, column 33]
2020-05-22 17:38:31,504 - Left side of math operation ($i) has a null value. modelShowViewTemplate.vm[line 29, column 36]
2020-05-22 17:38:31,504 - RHS of #set statement is null. Context will not be modified. modelShowViewTemplate.vm[line 29, column 25]
2020-05-22 17:38:31,504 - Left side ($i) of '==' operation has null value. If it is a reference, it may not be in the context or its toString() returned null. modelShowViewTemplate.vm[line 22, column 33]
2020-05-22 17:38:31,504 - Left side of math operation ($i) has a null value. modelShowViewTemplate.vm[line 29, column 36]
2020-05-22 17:38:31,504 - RHS of #set statement is null. Context will not be modified. modelShowViewTemplate.vm[line 29, column 25]
2020-05-22 17:38:31,516 - ResourceManager : found modelViewInsTemplate.vm with loader org.apache.velocity.runtime.resource.loader.FileResourceLoader
2020-05-22 17:38:31,519 - ResourceManager : found modelViewModTemplate.vm with loader org.apache.velocity.runtime.resource.loader.FileResourceLoader
2020-05-22 17:38:31,522 - ResourceManager : found modelShowViewJsTemplate.vm with loader org.apache.velocity.runtime.resource.loader.FileResourceLoader
2020-05-22 17:38:31,524 - ResourceManager : found modelViewInsJsTemplate.vm with loader org.apache.velocity.runtime.resource.loader.FileResourceLoader
2020-05-22 17:38:31,527 - ResourceManager : found modelViewModJsTemplate.vm with loader org.apache.velocity.runtime.resource.loader.FileResourceLoader
2020-05-22 17:38:31,529 - ResourceManager : found mybatisConfigTemplate.vm with loader org.apache.velocity.runtime.resource.loader.FileResourceLoader
